<?xml version="1.0" encoding="UTF-8"?>
<testsuite name="ChatServiceTest" tests="14" skipped="0" failures="0" errors="0" timestamp="2023-08-01T11:32:50" hostname="LAPTOP-33FPNSHN" time="0.25">
  <properties/>
  <testcase name="editMessageThrow" classname="ChatServiceTest" time="0.097"/>
  <testcase name="deleteChatFalse" classname="ChatServiceTest" time="0.005"/>
  <testcase name="editMessage" classname="ChatServiceTest" time="0.0"/>
  <testcase name="getLastMessagesOfChats" classname="ChatServiceTest" time="0.099"/>
  <testcase name="deleteMessageTrue" classname="ChatServiceTest" time="0.001"/>
  <testcase name="deleteChatTrue" classname="ChatServiceTest" time="0.0"/>
  <testcase name="getListOfChatMessagesFalse" classname="ChatServiceTest" time="0.0"/>
  <testcase name="createMessageTrue" classname="ChatServiceTest" time="0.0"/>
  <testcase name="createMessageFalse" classname="ChatServiceTest" time="0.0"/>
  <testcase name="getListOfChatMessagesTrue" classname="ChatServiceTest" time="0.043"/>
  <testcase name="createChat" classname="ChatServiceTest" time="0.0"/>
  <testcase name="getUnreadChatsCount" classname="ChatServiceTest" time="0.0"/>
  <testcase name="deleteMessageFalse" classname="ChatServiceTest" time="0.001"/>
  <testcase name="getChats" classname="ChatServiceTest" time="0.0"/>
  <system-out><![CDATA[]]></system-out>
  <system-err><![CDATA[]]></system-err>
</testsuite>
